<?xml version="1.0" encoding="UTF-8"?>
<!-- Generated by org.testng.reporters.JUnitReportReporter -->
<testsuite skipped="0" hostname="DESKTOP-1V3MTMU" name="com.qa.test.DemoTest" tests="4" failures="0" timestamp="18 Nov 2019 17:59:39 GMT" time="0.024" errors="0">
  <testcase name="sub" time="0.004" classname="com.qa.test.DemoTest"/>
  <testcase name="div" time="0.016" classname="com.qa.test.DemoTest"/>
  <testcase name="sum" time="0.004" classname="com.qa.test.DemoTest"/>
  <testcase name="mul" time="0.000" classname="com.qa.test.DemoTest"/>
</testsuite> <!-- com.qa.test.DemoTest -->
